Using pre-set license
Built from '2020.3/staging' branch; Version is '2020.3.3f1 (76626098c1c4) revision 7758432'; Using compiler version '192528614'; Build Type 'Release'
OS: 'Windows 10 Home Single Language; OS build 22000.556; Version 2009; 64bit' Language: 'en' Physical Memory: 16240 MB
BatchMode: 1, IsHumanControllingUs: 0, StartBugReporterOnCrash: 0, Is64bit: 1, IsPro: 0

 COMMAND LINE ARGUMENTS:
F:\XR FOLDER\2020.3.3f1\Editor\Unity.exe
-adb2
-batchMode
-noUpm
-name
AssetImportWorker0
-projectPath
D:/Unity Projects/TP-simulation/3D Simulation
-logFile
Logs/AssetImportWorker0.log
-srvPort
55951
Successfully changed project path to: D:/Unity Projects/TP-simulation/3D Simulation
D:/Unity Projects/TP-simulation/3D Simulation
Using Asset Import Pipeline V2.
Refreshing native plugins compatible for Editor in 35.13 ms, found 0 plugins.
Preloading 0 native plugins for Editor in 0.00 ms.
Initialize engine version: 2020.3.3f1 (76626098c1c4)
[Subsystems] Discovering subsystems at path F:/XR FOLDER/2020.3.3f1/Editor/Data/Resources/UnitySubsystems
[Subsystems] Discovering subsystems at path D:/Unity Projects/TP-simulation/3D Simulation/Assets
GfxDevice: creating device client; threaded=0
Direct3D:
    Version:  Direct3D 11.0 [level 11.1]
    Renderer: NVIDIA GeForce GTX 1050 Ti (ID=0x1c8c)
    Vendor:   
    VRAM:     4021 MB
    Driver:   30.0.15.1123
Initialize mono
Mono path[0] = 'F:/XR FOLDER/2020.3.3f1/Editor/Data/Managed'
Mono path[1] = 'F:/XR FOLDER/2020.3.3f1/Editor/Data/MonoBleedingEdge/lib/mono/unityjit'
Mono config path = 'F:/XR FOLDER/2020.3.3f1/Editor/Data/MonoBleedingEdge/etc'
Using monoOptions --debugger-agent=transport=dt_socket,embedding=1,server=y,suspend=n,address=127.0.0.1:56456
Begin MonoManager ReloadAssembly
Registering precompiled unity dll's ...
Register platform support module: F:/XR FOLDER/2020.3.3f1/Editor/Data/PlaybackEngines/WebGLSupport/UnityEditor.WebGL.Extensions.dll
Register platform support module: F:/XR FOLDER/2020.3.3f1/Editor/Data/PlaybackEngines/MacStandaloneSupport/UnityEditor.OSXStandalone.Extensions.dll
Register platform support module: F:/XR FOLDER/2020.3.3f1/Editor/Data/PlaybackEngines/WindowsStandaloneSupport/UnityEditor.WindowsStandalone.Extensions.dll
Registered in 0.001348 seconds.
Native extension for WindowsStandalone target not found
Native extension for OSXStandalone target not found
Native extension for WebGL target not found
Refreshing native plugins compatible for Editor in 28.48 ms, found 0 plugins.
Preloading 0 native plugins for Editor in 0.00 ms.
Invoked RoslynAnalysisRunner static constructor.
RoslynAnalysisRunner will not be running.
RoslynAnalysisRunner has terminated.
Mono: successfully reloaded assembly
- Completed reload, in  1.725 seconds
Platform modules already initialized, skipping
Registering precompiled user dll's ...
Registered in 0.001495 seconds.
Begin MonoManager ReloadAssembly
Native extension for WindowsStandalone target not found
Native extension for OSXStandalone target not found
Native extension for WebGL target not found
Refreshing native plugins compatible for Editor in 24.18 ms, found 0 plugins.
Preloading 0 native plugins for Editor in 0.00 ms.
Invoked RoslynAnalysisRunner static constructor.
RoslynAnalysisRunner will not be running.
RoslynAnalysisRunner has terminated.
Mono: successfully reloaded assembly
- Completed reload, in  0.811 seconds
Platform modules already initialized, skipping
========================================================================
Worker process is ready to serve import requests
Launched and connected shader compiler UnityShaderCompiler.exe after 0.05 seconds
Refreshing native plugins compatible for Editor in 0.28 ms, found 0 plugins.
Preloading 0 native plugins for Editor in 0.00 ms.
Unloading 1188 Unused Serialized files (Serialized files now loaded: 0)
System memory in use before: 61.2 MB.
System memory in use after: 61.2 MB.

Unloading 15 unused Assets to reduce memory usage. Loaded Objects now: 1626.
Total: 1.699100 ms (FindLiveObjects: 0.235200 ms CreateObjectMapping: 0.076400 ms MarkObjects: 1.308800 ms  DeleteObjects: 0.076900 ms)

========================================================================
Received Import Request.
  path: ProjectSettings/TagManager.asset
  artifactKey: Guid(00000000000000003000000000000000) Importer(815301076,1909f56bfc062723c751e8b465ee728b)
Start importing ProjectSettings/TagManager.asset using Guid(00000000000000003000000000000000) Importer(815301076,1909f56bfc062723c751e8b465ee728b)  -> (artifact id: '9274ce4079a5137dd04f6e6c4d809583') in 0.035651 seconds
  Import took 0.037420 seconds .

========================================================================
Received Prepare
Registering precompiled user dll's ...
Registered in 0.001684 seconds.
Begin MonoManager ReloadAssembly
Native extension for WindowsStandalone target not found
Native extension for OSXStandalone target not found
Native extension for WebGL target not found
Refreshing native plugins compatible for Editor in 0.25 ms, found 0 plugins.
Preloading 0 native plugins for Editor in 0.00 ms.
Invalid AssetDatabase path: /Editor/EditorResources/cm_logo_sm.png. Use path relative to the project folder.
UnityEngine.StackTraceUtility:ExtractStackTrace ()
UnityEditor.AssetDatabase:LoadAssetAtPath<UnityEngine.Texture2D> (string)
Cinemachine.Editor.CinemachineSettings:get_CinemachineLogoTexture () (at Library/PackageCache/com.unity.cinemachine@2.6.11/Editor/Windows/CinemachineSettings.cs:205)
Cinemachine.Editor.CinemachineSettings:.cctor () (at Library/PackageCache/com.unity.cinemachine@2.6.11/Editor/Windows/CinemachineSettings.cs:237)
Cinemachine.CinemachineColliderPrefs:.cctor () (at Library/PackageCache/com.unity.cinemachine@2.6.11/Editor/Windows/CinemachineColliderPrefs.cs:61)
System.Runtime.CompilerServices.RuntimeHelpers:RunClassConstructor (System.RuntimeTypeHandle)
UnityEditor.EditorAssemblies:ProcessInitializeOnLoadAttributes (System.Type[])

[Library/PackageCache/com.unity.cinemachine@2.6.11/Editor/Windows/CinemachineSettings.cs line 205]

Invoked RoslynAnalysisRunner static constructor.
RoslynAnalysisRunner will not be running.
RoslynAnalysisRunner has terminated.
Mono: successfully reloaded assembly
- Completed reload, in  0.856 seconds
Platform modules already initialized, skipping
Refreshing native plugins compatible for Editor in 0.29 ms, found 0 plugins.
Preloading 0 native plugins for Editor in 0.00 ms.
Unloading 1326 Unused Serialized files (Serialized files now loaded: 0)
System memory in use before: 65.7 MB.
System memory in use after: 65.7 MB.

Unloading 12 unused Assets to reduce memory usage. Loaded Objects now: 1775.
Total: 1.761500 ms (FindLiveObjects: 0.142500 ms CreateObjectMapping: 0.034700 ms MarkObjects: 1.481400 ms  DeleteObjects: 0.102100 ms)

========================================================================
Received Import Request.
  Time since last request: 255.965759 seconds.
  path: Assets/Models
  artifactKey: Guid(8999742e6ab790940bfc8c3e453cb98a) Importer(815301076,1909f56bfc062723c751e8b465ee728b)
Start importing Assets/Models using Guid(8999742e6ab790940bfc8c3e453cb98a) Importer(815301076,1909f56bfc062723c751e8b465ee728b)  -> (artifact id: '9730c527624985d4dca424671cbca369') in 0.013003 seconds
  Import took 0.015449 seconds .

========================================================================
Received Import Request.
  Time since last request: 0.067423 seconds.
  path: Assets/Models/classroom.skp
  artifactKey: Guid(99c6c057c1a456a47bb88f95e19c446b) Importer(815301076,1909f56bfc062723c751e8b465ee728b)
Start importing Assets/Models/classroom.skp using Guid(99c6c057c1a456a47bb88f95e19c446b) Importer(815301076,1909f56bfc062723c751e8b465ee728b)  -> (artifact id: '6cf90877440aaae499f4b07c9dd942b0') in 1.328914 seconds
  Import took 1.340024 seconds .

========================================================================
Received Prepare
Registering precompiled user dll's ...
Registered in 0.001590 seconds.
Begin MonoManager ReloadAssembly
Native extension for WindowsStandalone target not found
Native extension for OSXStandalone target not found
Native extension for WebGL target not found
Refreshing native plugins compatible for Editor in 0.26 ms, found 0 plugins.
Preloading 0 native plugins for Editor in 0.00 ms.
Invoked RoslynAnalysisRunner static constructor.
RoslynAnalysisRunner will not be running.
RoslynAnalysisRunner has terminated.
Mono: successfully reloaded assembly
- Completed reload, in  0.782 seconds
Platform modules already initialized, skipping
Refreshing native plugins compatible for Editor in 0.29 ms, found 0 plugins.
Preloading 0 native plugins for Editor in 0.00 ms.
Unloading 1327 Unused Serialized files (Serialized files now loaded: 0)
System memory in use before: 69.6 MB.
System memory in use after: 69.7 MB.

Unloading 12 unused Assets to reduce memory usage. Loaded Objects now: 1822.
Total: 1.734300 ms (FindLiveObjects: 0.125600 ms CreateObjectMapping: 0.037100 ms MarkObjects: 1.471900 ms  DeleteObjects: 0.099100 ms)

========================================================================
Received Import Request.
  Time since last request: 643.763347 seconds.
  path: Assets/Materials
  artifactKey: Guid(a1d0f78d782ad574b860a60f58fb6744) Importer(815301076,1909f56bfc062723c751e8b465ee728b)
Start importing Assets/Materials using Guid(a1d0f78d782ad574b860a60f58fb6744) Importer(815301076,1909f56bfc062723c751e8b465ee728b)  -> (artifact id: '062d073d1262ca77cd942461dc8d881b') in 0.009118 seconds
  Import took 0.011740 seconds .

========================================================================
Received Import Request.
  Time since last request: 6.871240 seconds.
  path: Assets/Materials/New Material.mat
  artifactKey: Guid(580d47e2348db4a47a20f28a24ac88a2) Importer(815301076,1909f56bfc062723c751e8b465ee728b)
Start importing Assets/Materials/New Material.mat using Guid(580d47e2348db4a47a20f28a24ac88a2) Importer(815301076,1909f56bfc062723c751e8b465ee728b)  -> (artifact id: 'c2f4bed95d9a0b3dcc9b4e7a45efe3bb') in 0.189470 seconds
  Import took 0.193581 seconds .

========================================================================
Received Prepare
Registering precompiled user dll's ...
Registered in 0.001699 seconds.
Begin MonoManager ReloadAssembly
Native extension for WindowsStandalone target not found
Native extension for OSXStandalone target not found
Native extension for WebGL target not found
Refreshing native plugins compatible for Editor in 0.30 ms, found 0 plugins.
Preloading 0 native plugins for Editor in 0.00 ms.
Invoked RoslynAnalysisRunner static constructor.
RoslynAnalysisRunner will not be running.
RoslynAnalysisRunner has terminated.
Mono: successfully reloaded assembly
- Completed reload, in  0.985 seconds
Platform modules already initialized, skipping
Refreshing native plugins compatible for Editor in 0.32 ms, found 0 plugins.
Preloading 0 native plugins for Editor in 0.00 ms.
Unloading 1326 Unused Serialized files (Serialized files now loaded: 0)
System memory in use before: 69.6 MB.
System memory in use after: 69.7 MB.

Unloading 12 unused Assets to reduce memory usage. Loaded Objects now: 1826.
Total: 1.776600 ms (FindLiveObjects: 0.153500 ms CreateObjectMapping: 0.038600 ms MarkObjects: 1.522100 ms  DeleteObjects: 0.061200 ms)

========================================================================
Received Prepare
Registering precompiled user dll's ...
Registered in 0.003516 seconds.
Begin MonoManager ReloadAssembly
Native extension for WindowsStandalone target not found
Native extension for OSXStandalone target not found
Native extension for WebGL target not found
Refreshing native plugins compatible for Editor in 0.38 ms, found 0 plugins.
Preloading 0 native plugins for Editor in 0.00 ms.
Invoked RoslynAnalysisRunner static constructor.
RoslynAnalysisRunner will not be running.
RoslynAnalysisRunner has terminated.
Mono: successfully reloaded assembly
- Completed reload, in  1.391 seconds
Platform modules already initialized, skipping
Refreshing native plugins compatible for Editor in 0.41 ms, found 0 plugins.
Preloading 0 native plugins for Editor in 0.00 ms.
Unloading 1326 Unused Serialized files (Serialized files now loaded: 0)
System memory in use before: 69.6 MB.
System memory in use after: 69.7 MB.

Unloading 12 unused Assets to reduce memory usage. Loaded Objects now: 1829.
Total: 2.678300 ms (FindLiveObjects: 0.304000 ms CreateObjectMapping: 0.076400 ms MarkObjects: 2.203000 ms  DeleteObjects: 0.093600 ms)

========================================================================
Received Import Request.
  Time since last request: 957.535741 seconds.
  path: Assets/Materials/New Material.mat
  artifactKey: Guid(580d47e2348db4a47a20f28a24ac88a2) Importer(815301076,1909f56bfc062723c751e8b465ee728b)
Start importing Assets/Materials/New Material.mat using Guid(580d47e2348db4a47a20f28a24ac88a2) Importer(815301076,1909f56bfc062723c751e8b465ee728b)  -> (artifact id: '8e2159e76702eb9d4f6b2a044922f16b') in 0.085014 seconds
  Import took 0.087981 seconds .

========================================================================
Received Import Request.
  Time since last request: 180.782800 seconds.
  path: Assets/Mixamo Animations
  artifactKey: Guid(972931c940dff3d43a2cc7cc9839196a) Importer(815301076,1909f56bfc062723c751e8b465ee728b)
Start importing Assets/Mixamo Animations using Guid(972931c940dff3d43a2cc7cc9839196a) Importer(815301076,1909f56bfc062723c751e8b465ee728b)  -> (artifact id: '3cc80d7368bf51510e71cc15beaefd9e') in 0.007297 seconds
  Import took 0.010519 seconds .

========================================================================
Received Import Request.
  Time since last request: 1.816462 seconds.
  path: Assets/Mixamo Animations/MaleAnimationTargetV2@Sit To Type.fbx
  artifactKey: Guid(c7c2dee3512f0584fa26921b9155a124) Importer(815301076,1909f56bfc062723c751e8b465ee728b)
Start importing Assets/Mixamo Animations/MaleAnimationTargetV2@Sit To Type.fbx using Guid(c7c2dee3512f0584fa26921b9155a124) Importer(815301076,1909f56bfc062723c751e8b465ee728b)  -> (artifact id: '1fec75f83b9dbb65a921ef89b846c0b2') in 0.186293 seconds
  Import took 0.189291 seconds .

========================================================================
Received Import Request.
  Time since last request: 0.000337 seconds.
  path: Assets/Mixamo Animations/MaleAnimationTargetV2@Typing.fbx
  artifactKey: Guid(2a9d8d03eea7e2e409db5092a30745d5) Importer(815301076,1909f56bfc062723c751e8b465ee728b)
Start importing Assets/Mixamo Animations/MaleAnimationTargetV2@Typing.fbx using Guid(2a9d8d03eea7e2e409db5092a30745d5) Importer(815301076,1909f56bfc062723c751e8b465ee728b)  -> (artifact id: 'e9e1b5b8903aa3f5422be9f24edda83b') in 0.047005 seconds
  Import took 0.051296 seconds .

========================================================================
Received Import Request.
  Time since last request: 23.130677 seconds.
  path: Assets/Plugins/Wolf3D Ready Player Me SDK/Resources/AnimatorControllers/MaleFullbody.controller
  artifactKey: Guid(6d0e3455242095d45ae527c19d7e0c73) Importer(815301076,1909f56bfc062723c751e8b465ee728b)
Start importing Assets/Plugins/Wolf3D Ready Player Me SDK/Resources/AnimatorControllers/MaleFullbody.controller using Guid(6d0e3455242095d45ae527c19d7e0c73) Importer(815301076,1909f56bfc062723c751e8b465ee728b)  -> (artifact id: '3cc070d950e000083404b0d111e88809') in 0.017676 seconds
  Import took 0.020584 seconds .

========================================================================
Received Import Request.
  Time since last request: 586.746275 seconds.
  path: Assets/Plugins/Wolf3D Ready Player Me SDK/Resources/AnimationTargets/FemaleAnimationTargetV2.fbx
  artifactKey: Guid(259864f0a2f662b42babdf3d71c3167d) Importer(815301076,1909f56bfc062723c751e8b465ee728b)
Start importing Assets/Plugins/Wolf3D Ready Player Me SDK/Resources/AnimationTargets/FemaleAnimationTargetV2.fbx using Guid(259864f0a2f662b42babdf3d71c3167d) Importer(815301076,1909f56bfc062723c751e8b465ee728b)  -> (artifact id: '22bb1b83e4846abe74965dece24629b9') in 0.041001 seconds
  Import took 0.044202 seconds .

========================================================================
Received Import Request.
  Time since last request: 0.000307 seconds.
  path: Assets/Plugins/Wolf3D Ready Player Me SDK/Resources/AnimationTargets/MaleAnimationTargetV2.fbx
  artifactKey: Guid(60fc92d6f342ba147a9feaf3ae587168) Importer(815301076,1909f56bfc062723c751e8b465ee728b)
Start importing Assets/Plugins/Wolf3D Ready Player Me SDK/Resources/AnimationTargets/MaleAnimationTargetV2.fbx using Guid(60fc92d6f342ba147a9feaf3ae587168) Importer(815301076,1909f56bfc062723c751e8b465ee728b)  -> (artifact id: '29ad1f1d1291a2a873e3035d5ccdedba') in 0.051962 seconds
  Import took 0.055238 seconds .

========================================================================
Received Import Request.
  Time since last request: 29.837854 seconds.
  path: Assets/Scripts/motionScript.cs
  artifactKey: Guid(ef25cb03510792844895219d11d4d34a) Importer(815301076,1909f56bfc062723c751e8b465ee728b)
Start importing Assets/Scripts/motionScript.cs using Guid(ef25cb03510792844895219d11d4d34a) Importer(815301076,1909f56bfc062723c751e8b465ee728b)  -> (artifact id: 'dbda41f1ee54647a37fdc0e0fd705e48') in 0.123162 seconds
  Import took 0.125254 seconds .

========================================================================
Received Import Request.
  Time since last request: 1.711665 seconds.
  path: Assets/Scripts/animeScript.cs
  artifactKey: Guid(56806991d8cde1d47869516c866655da) Importer(815301076,1909f56bfc062723c751e8b465ee728b)
Start importing Assets/Scripts/animeScript.cs using Guid(56806991d8cde1d47869516c866655da) Importer(815301076,1909f56bfc062723c751e8b465ee728b)  -> (artifact id: 'af62059df261e7d7c065b3d52983f14b') in 0.007566 seconds
  Import took 0.010140 seconds .

========================================================================
Received Import Request.
  Time since last request: 0.000920 seconds.
  path: Assets/Scripts/animeScript.cs
  artifactKey: Guid(56806991d8cde1d47869516c866655da) Importer(815301076,1909f56bfc062723c751e8b465ee728b)
Start importing Assets/Scripts/animeScript.cs using Guid(56806991d8cde1d47869516c866655da) Importer(815301076,1909f56bfc062723c751e8b465ee728b)  -> (artifact id: 'af62059df261e7d7c065b3d52983f14b') in 0.003248 seconds
  Import took 0.005804 seconds .

========================================================================
Received Prepare
Registering precompiled user dll's ...
Registered in 0.005486 seconds.
Begin MonoManager ReloadAssembly
Native extension for WindowsStandalone target not found
Native extension for OSXStandalone target not found
Native extension for WebGL target not found
Refreshing native plugins compatible for Editor in 0.26 ms, found 0 plugins.
Preloading 0 native plugins for Editor in 0.00 ms.
Invoked RoslynAnalysisRunner static constructor.
RoslynAnalysisRunner will not be running.
RoslynAnalysisRunner has terminated.
Mono: successfully reloaded assembly
- Completed reload, in  1.097 seconds
Platform modules already initialized, skipping
Refreshing native plugins compatible for Editor in 0.31 ms, found 0 plugins.
Preloading 0 native plugins for Editor in 0.00 ms.
Unloading 1326 Unused Serialized files (Serialized files now loaded: 0)
System memory in use before: 83.3 MB.
System memory in use after: 83.3 MB.

Unloading 13 unused Assets to reduce memory usage. Loaded Objects now: 1834.
Total: 1.775700 ms (FindLiveObjects: 0.127100 ms CreateObjectMapping: 0.038800 ms MarkObjects: 1.545600 ms  DeleteObjects: 0.063400 ms)

========================================================================
Received Prepare
Registering precompiled user dll's ...
Registered in 0.003374 seconds.
Begin MonoManager ReloadAssembly
Native extension for WindowsStandalone target not found
Native extension for OSXStandalone target not found
Native extension for WebGL target not found
Refreshing native plugins compatible for Editor in 0.35 ms, found 0 plugins.
Preloading 0 native plugins for Editor in 0.00 ms.
Invoked RoslynAnalysisRunner static constructor.
RoslynAnalysisRunner will not be running.
RoslynAnalysisRunner has terminated.
Mono: successfully reloaded assembly
- Completed reload, in  1.209 seconds
Platform modules already initialized, skipping
Refreshing native plugins compatible for Editor in 0.38 ms, found 0 plugins.
Preloading 0 native plugins for Editor in 0.00 ms.
Unloading 1326 Unused Serialized files (Serialized files now loaded: 0)
System memory in use before: 83.3 MB.
System memory in use after: 83.3 MB.

Unloading 12 unused Assets to reduce memory usage. Loaded Objects now: 1837.
Total: 2.449600 ms (FindLiveObjects: 0.222900 ms CreateObjectMapping: 0.077500 ms MarkObjects: 2.067200 ms  DeleteObjects: 0.080600 ms)

========================================================================
Received Prepare
Registering precompiled user dll's ...
Registered in 0.201478 seconds.
Begin MonoManager ReloadAssembly
Native extension for WindowsStandalone target not found
Native extension for OSXStandalone target not found
Native extension for WebGL target not found
Refreshing native plugins compatible for Editor in 0.24 ms, found 0 plugins.
Preloading 0 native plugins for Editor in 0.00 ms.
Invoked RoslynAnalysisRunner static constructor.
RoslynAnalysisRunner will not be running.
RoslynAnalysisRunner has terminated.
Mono: successfully reloaded assembly
- Completed reload, in  8.051 seconds
Platform modules already initialized, skipping
Refreshing native plugins compatible for Editor in 0.24 ms, found 0 plugins.
Preloading 0 native plugins for Editor in 0.00 ms.
Unloading 1326 Unused Serialized files (Serialized files now loaded: 0)
System memory in use before: 83.2 MB.
System memory in use after: 83.3 MB.

Unloading 12 unused Assets to reduce memory usage. Loaded Objects now: 1840.
Total: 1.674600 ms (FindLiveObjects: 0.165400 ms CreateObjectMapping: 0.047200 ms MarkObjects: 1.383700 ms  DeleteObjects: 0.077300 ms)

========================================================================
Received Prepare
Registering precompiled user dll's ...
Registered in 0.002728 seconds.
Begin MonoManager ReloadAssembly
Native extension for WindowsStandalone target not found
Native extension for OSXStandalone target not found
Native extension for WebGL target not found
Refreshing native plugins compatible for Editor in 0.55 ms, found 0 plugins.
Preloading 0 native plugins for Editor in 0.00 ms.
Invoked RoslynAnalysisRunner static constructor.
RoslynAnalysisRunner will not be running.
RoslynAnalysisRunner has terminated.
Mono: successfully reloaded assembly
- Completed reload, in  0.955 seconds
Platform modules already initialized, skipping
Refreshing native plugins compatible for Editor in 0.28 ms, found 0 plugins.
Preloading 0 native plugins for Editor in 0.00 ms.
Unloading 1326 Unused Serialized files (Serialized files now loaded: 0)
System memory in use before: 83.2 MB.
System memory in use after: 83.3 MB.

Unloading 12 unused Assets to reduce memory usage. Loaded Objects now: 1843.
Total: 1.831100 ms (FindLiveObjects: 0.180400 ms CreateObjectMapping: 0.055500 ms MarkObjects: 1.530700 ms  DeleteObjects: 0.063200 ms)

========================================================================
Received Import Request.
  Time since last request: 10213.212886 seconds.
  path: Assets/Scripts/motionScript.cs
  artifactKey: Guid(ef25cb03510792844895219d11d4d34a) Importer(815301076,1909f56bfc062723c751e8b465ee728b)
Start importing Assets/Scripts/motionScript.cs using Guid(ef25cb03510792844895219d11d4d34a) Importer(815301076,1909f56bfc062723c751e8b465ee728b)  -> (artifact id: 'c3e80c25d3c570268b784324d0b7e96f') in 0.007481 seconds
  Import took 0.009673 seconds .

========================================================================
Received Prepare
Registering precompiled user dll's ...
Registered in 0.003020 seconds.
Begin MonoManager ReloadAssembly
Native extension for WindowsStandalone target not found
Native extension for OSXStandalone target not found
Native extension for WebGL target not found
Refreshing native plugins compatible for Editor in 0.29 ms, found 0 plugins.
Preloading 0 native plugins for Editor in 0.00 ms.
Invoked RoslynAnalysisRunner static constructor.
RoslynAnalysisRunner will not be running.
RoslynAnalysisRunner has terminated.
Mono: successfully reloaded assembly
- Completed reload, in  1.137 seconds
Platform modules already initialized, skipping
Refreshing native plugins compatible for Editor in 0.58 ms, found 0 plugins.
Preloading 0 native plugins for Editor in 0.00 ms.
Unloading 1326 Unused Serialized files (Serialized files now loaded: 0)
System memory in use before: 83.2 MB.
System memory in use after: 83.3 MB.

Unloading 12 unused Assets to reduce memory usage. Loaded Objects now: 1846.
Total: 2.045300 ms (FindLiveObjects: 0.167000 ms CreateObjectMapping: 0.049000 ms MarkObjects: 1.753700 ms  DeleteObjects: 0.074800 ms)

========================================================================
Received Prepare
Registering precompiled user dll's ...
Registered in 0.001785 seconds.
Begin MonoManager ReloadAssembly
Native extension for WindowsStandalone target not found
Native extension for OSXStandalone target not found
Native extension for WebGL target not found
Refreshing native plugins compatible for Editor in 0.28 ms, found 0 plugins.
Preloading 0 native plugins for Editor in 0.00 ms.
Invoked RoslynAnalysisRunner static constructor.
RoslynAnalysisRunner will not be running.
RoslynAnalysisRunner has terminated.
Mono: successfully reloaded assembly
- Completed reload, in  0.923 seconds
Platform modules already initialized, skipping
Refreshing native plugins compatible for Editor in 0.33 ms, found 0 plugins.
Preloading 0 native plugins for Editor in 0.00 ms.
Unloading 1326 Unused Serialized files (Serialized files now loaded: 0)
System memory in use before: 83.2 MB.
System memory in use after: 83.3 MB.

Unloading 12 unused Assets to reduce memory usage. Loaded Objects now: 1849.
Total: 1.851400 ms (FindLiveObjects: 0.162300 ms CreateObjectMapping: 0.050100 ms MarkObjects: 1.567900 ms  DeleteObjects: 0.070100 ms)

========================================================================
Received Prepare
Registering precompiled user dll's ...
Registered in 0.002231 seconds.
Begin MonoManager ReloadAssembly
Native extension for WindowsStandalone target not found
Native extension for OSXStandalone target not found
Native extension for WebGL target not found
Refreshing native plugins compatible for Editor in 0.24 ms, found 0 plugins.
Preloading 0 native plugins for Editor in 0.00 ms.
Invoked RoslynAnalysisRunner static constructor.
RoslynAnalysisRunner will not be running.
RoslynAnalysisRunner has terminated.
Mono: successfully reloaded assembly
- Completed reload, in  1.010 seconds
Platform modules already initialized, skipping
Refreshing native plugins compatible for Editor in 0.28 ms, found 0 plugins.
Preloading 0 native plugins for Editor in 0.00 ms.
Unloading 1326 Unused Serialized files (Serialized files now loaded: 0)
System memory in use before: 83.2 MB.
System memory in use after: 83.3 MB.

Unloading 12 unused Assets to reduce memory usage. Loaded Objects now: 1852.
Total: 1.931600 ms (FindLiveObjects: 0.204000 ms CreateObjectMapping: 0.066800 ms MarkObjects: 1.552600 ms  DeleteObjects: 0.107100 ms)

========================================================================
Received Prepare
Registering precompiled user dll's ...
Registered in 0.001774 seconds.
Begin MonoManager ReloadAssembly
Native extension for WindowsStandalone target not found
Native extension for OSXStandalone target not found
Native extension for WebGL target not found
Refreshing native plugins compatible for Editor in 0.27 ms, found 0 plugins.
Preloading 0 native plugins for Editor in 0.00 ms.
Invoked RoslynAnalysisRunner static constructor.
RoslynAnalysisRunner will not be running.
RoslynAnalysisRunner has terminated.
Mono: successfully reloaded assembly
- Completed reload, in  0.781 seconds
Platform modules already initialized, skipping
Refreshing native plugins compatible for Editor in 0.27 ms, found 0 plugins.
Preloading 0 native plugins for Editor in 0.00 ms.
Unloading 1326 Unused Serialized files (Serialized files now loaded: 0)
System memory in use before: 83.2 MB.
System memory in use after: 83.3 MB.

Unloading 12 unused Assets to reduce memory usage. Loaded Objects now: 1855.
Total: 2.049200 ms (FindLiveObjects: 0.237400 ms CreateObjectMapping: 0.048600 ms MarkObjects: 1.696700 ms  DeleteObjects: 0.065600 ms)

========================================================================
Received Import Request.
  Time since last request: 1534.501581 seconds.
  path: Assets/Mixamo Animations/MaleAnimationTargetV2@Sit To Type.fbx
  artifactKey: Guid(c7c2dee3512f0584fa26921b9155a124) Importer(815301076,1909f56bfc062723c751e8b465ee728b)
Start importing Assets/Mixamo Animations/MaleAnimationTargetV2@Sit To Type.fbx using Guid(c7c2dee3512f0584fa26921b9155a124) Importer(815301076,1909f56bfc062723c751e8b465ee728b)  -> (artifact id: '76f858d9ab82e6cd3b8400b047d20c3d') in 0.132286 seconds
  Import took 0.135980 seconds .

========================================================================
Received Prepare
Registering precompiled user dll's ...
Registered in 0.001641 seconds.
Begin MonoManager ReloadAssembly
Native extension for WindowsStandalone target not found
Native extension for OSXStandalone target not found
Native extension for WebGL target not found
Refreshing native plugins compatible for Editor in 0.27 ms, found 0 plugins.
Preloading 0 native plugins for Editor in 0.00 ms.
Invoked RoslynAnalysisRunner static constructor.
RoslynAnalysisRunner will not be running.
RoslynAnalysisRunner has terminated.
Mono: successfully reloaded assembly
- Completed reload, in  0.792 seconds
Platform modules already initialized, skipping
Refreshing native plugins compatible for Editor in 0.29 ms, found 0 plugins.
Preloading 0 native plugins for Editor in 0.00 ms.
Unloading 1326 Unused Serialized files (Serialized files now loaded: 0)
System memory in use before: 83.3 MB.
System memory in use after: 83.4 MB.

Unloading 13 unused Assets to reduce memory usage. Loaded Objects now: 1859.
Total: 1.749600 ms (FindLiveObjects: 0.135200 ms CreateObjectMapping: 0.039100 ms MarkObjects: 1.465100 ms  DeleteObjects: 0.109500 ms)

========================================================================
Received Prepare
Registering precompiled user dll's ...
Registered in 0.003391 seconds.
Begin MonoManager ReloadAssembly
Native extension for WindowsStandalone target not found
Native extension for OSXStandalone target not found
Native extension for WebGL target not found
Refreshing native plugins compatible for Editor in 0.25 ms, found 0 plugins.
Preloading 0 native plugins for Editor in 0.00 ms.
Invoked RoslynAnalysisRunner static constructor.
RoslynAnalysisRunner will not be running.
RoslynAnalysisRunner has terminated.
Mono: successfully reloaded assembly
- Completed reload, in  1.001 seconds
Platform modules already initialized, skipping
Refreshing native plugins compatible for Editor in 0.30 ms, found 0 plugins.
Preloading 0 native plugins for Editor in 0.00 ms.
Unloading 1326 Unused Serialized files (Serialized files now loaded: 0)
System memory in use before: 83.3 MB.
System memory in use after: 83.4 MB.

Unloading 12 unused Assets to reduce memory usage. Loaded Objects now: 1862.
Total: 1.852500 ms (FindLiveObjects: 0.165500 ms CreateObjectMapping: 0.043200 ms MarkObjects: 1.558200 ms  DeleteObjects: 0.084800 ms)

========================================================================
Received Prepare
Registering precompiled user dll's ...
Registered in 0.002215 seconds.
Begin MonoManager ReloadAssembly
Native extension for WindowsStandalone target not found
Native extension for OSXStandalone target not found
Native extension for WebGL target not found
Refreshing native plugins compatible for Editor in 0.24 ms, found 0 plugins.
Preloading 0 native plugins for Editor in 0.00 ms.
Invoked RoslynAnalysisRunner static constructor.
RoslynAnalysisRunner will not be running.
RoslynAnalysisRunner has terminated.
Mono: successfully reloaded assembly
- Completed reload, in  0.988 seconds
Platform modules already initialized, skipping
Refreshing native plugins compatible for Editor in 0.29 ms, found 0 plugins.
Preloading 0 native plugins for Editor in 0.00 ms.
Unloading 1326 Unused Serialized files (Serialized files now loaded: 0)
System memory in use before: 83.3 MB.
System memory in use after: 83.4 MB.

Unloading 12 unused Assets to reduce memory usage. Loaded Objects now: 1865.
Total: 1.902900 ms (FindLiveObjects: 0.145800 ms CreateObjectMapping: 0.040700 ms MarkObjects: 1.651700 ms  DeleteObjects: 0.064100 ms)

========================================================================
Received Prepare
Registering precompiled user dll's ...
Registered in 0.002077 seconds.
Begin MonoManager ReloadAssembly
Native extension for WindowsStandalone target not found
Native extension for OSXStandalone target not found
Native extension for WebGL target not found
Refreshing native plugins compatible for Editor in 0.25 ms, found 0 plugins.
Preloading 0 native plugins for Editor in 0.00 ms.
Invoked RoslynAnalysisRunner static constructor.
RoslynAnalysisRunner will not be running.
RoslynAnalysisRunner has terminated.
Mono: successfully reloaded assembly
- Completed reload, in  1.042 seconds
Platform modules already initialized, skipping
Refreshing native plugins compatible for Editor in 0.31 ms, found 0 plugins.
Preloading 0 native plugins for Editor in 0.00 ms.
Unloading 1326 Unused Serialized files (Serialized files now loaded: 0)
System memory in use before: 83.4 MB.
System memory in use after: 83.4 MB.

Unloading 12 unused Assets to reduce memory usage. Loaded Objects now: 1868.
Total: 2.415500 ms (FindLiveObjects: 0.301500 ms CreateObjectMapping: 0.117500 ms MarkObjects: 1.912300 ms  DeleteObjects: 0.083300 ms)

========================================================================
Received Prepare
Registering precompiled user dll's ...
Registered in 0.002173 seconds.
Begin MonoManager ReloadAssembly
Native extension for WindowsStandalone target not found
Native extension for OSXStandalone target not found
Native extension for WebGL target not found
Refreshing native plugins compatible for Editor in 0.31 ms, found 0 plugins.
Preloading 0 native plugins for Editor in 0.00 ms.
Invoked RoslynAnalysisRunner static constructor.
RoslynAnalysisRunner will not be running.
RoslynAnalysisRunner has terminated.
Mono: successfully reloaded assembly
- Completed reload, in  1.055 seconds
Platform modules already initialized, skipping
Refreshing native plugins compatible for Editor in 0.27 ms, found 0 plugins.
Preloading 0 native plugins for Editor in 0.00 ms.
Unloading 1326 Unused Serialized files (Serialized files now loaded: 0)
System memory in use before: 83.4 MB.
System memory in use after: 83.4 MB.

Unloading 12 unused Assets to reduce memory usage. Loaded Objects now: 1871.
Total: 2.020800 ms (FindLiveObjects: 0.238900 ms CreateObjectMapping: 0.085600 ms MarkObjects: 1.632900 ms  DeleteObjects: 0.062200 ms)

========================================================================
Received Prepare
Registering precompiled user dll's ...
Registered in 0.110202 seconds.
Begin MonoManager ReloadAssembly
Native extension for WindowsStandalone target not found
Native extension for OSXStandalone target not found
Native extension for WebGL target not found
Refreshing native plugins compatible for Editor in 1.10 ms, found 0 plugins.
Preloading 0 native plugins for Editor in 0.00 ms.
Invoked RoslynAnalysisRunner static constructor.
RoslynAnalysisRunner will not be running.
RoslynAnalysisRunner has terminated.
Mono: successfully reloaded assembly
- Completed reload, in  3.473 seconds
Platform modules already initialized, skipping
Refreshing native plugins compatible for Editor in 0.69 ms, found 0 plugins.
Preloading 0 native plugins for Editor in 0.00 ms.
Unloading 1326 Unused Serialized files (Serialized files now loaded: 0)
System memory in use before: 83.4 MB.
System memory in use after: 83.4 MB.

Unloading 12 unused Assets to reduce memory usage. Loaded Objects now: 1874.
Total: 4.441600 ms (FindLiveObjects: 0.355900 ms CreateObjectMapping: 0.127300 ms MarkObjects: 3.797400 ms  DeleteObjects: 0.157600 ms)

AssetImportWorkerClient::OnTransportError - code=2 error=End of file
